2021.05.09 01:20:32 | 0 | Heizstab(3KW) ein, Temp= 0.0°C
2021.05.09 01:43:33 | 0 | Heizstab aus, Temp= 67.5°C
2021.05.09 03:16:16 | 0 | Heizstab(3KW) ein, Temp= 0.0°C
2021.05.09 03:16:53 | 0 | Heizstab(3KW) ein, Temp= 0.0°C
2021.05.09 03:17:30 | 0 | Heizstab(3KW) ein, Temp= 0.0°C
2021.05.09 04:41:21 | 0 | Heizstab(3KW) ein, Temp= 65.5°C
2021.05.09 04:57:19 | 0 | Heizstab aus, Temp= 67.5°C
2021.05.09 07:44:21 | 0 | Heizstab(3KW) ein, Temp= 65.5°C
2021.05.09 07:57:50 | 0 | WW_PumpenPower ein,  Temp= 66.8°C
2021.05.09 08:03:13 | 0 | WW_PumpenPower aus, Temp= 65.5°C
2021.05.09 08:13:01 | 0 | WW_PumpenPower ein,  Temp= 66.8°C
2021.05.09 08:23:36 | 0 | Heizstab aus, Temp= 65.8°C
2021.05.09 08:25:49 | 0 | WW_PumpenPower aus, Temp= 65.5°C
2021.05.09 08:25:49 | 0 | Heizstab(3KW) ein, Temp= 65.5°C
2021.05.09 08:33:16 | 0 | WW_PumpenPower ein,  Temp= 66.8°C
2021.05.09 08:43:51 | 0 | Heizstab aus, Temp= 66.5°C
2021.05.09 08:49:57 | 0 | WW_PumpenPower aus, Temp= 65.5°C
2021.05.09 08:49:57 | 0 | Heizstab(3KW) ein, Temp= 65.5°C
2021.05.09 08:56:26 | 0 | WW_PumpenPower ein,  Temp= 66.8°C
2021.05.09 09:07:06 | 0 | Heizstab aus, Temp= 66.8°C
2021.05.09 09:14:31 | 0 | WW_PumpenPower aus, Temp= 65.5°C
2021.05.09 09:14:31 | 0 | Heizstab(3KW) ein, Temp= 65.5°C
2021.05.09 09:20:12 | 0 | WW_PumpenPower ein,  Temp= 66.8°C
2021.05.09 09:30:59 | 0 | Heizstab aus, Temp= 67.0°C
2021.05.09 09:39:52 | 0 | WW_PumpenPower aus, Temp= 65.5°C
2021.05.09 09:39:52 | 0 | Heizstab(3KW) ein, Temp= 65.5°C
2021.05.09 09:45:21 | 0 | WW_PumpenPower ein,  Temp= 66.8°C
2021.05.09 09:55:57 | 0 | Heizstab aus, Temp= 67.2°C
2021.05.09 10:05:41 | 0 | WW_PumpenPower aus, Temp= 65.5°C
2021.05.09 10:05:41 | 0 | Heizstab(2KW) ein, Temp= 65.5°C
2021.05.09 10:12:23 | 0 | WW_PumpenPower ein,  Temp= 66.8°C
2021.05.09 10:23:05 | 0 | Heizstab aus, Temp= 67.0°C
2021.05.09 10:30:20 | 0 | WW_PumpenPower aus, Temp= 65.5°C
2021.05.09 10:30:20 | 0 | Heizstab(2KW) ein, Temp= 65.5°C
2021.05.09 10:37:35 | 0 | Starte Programm maximal_laden()
2021.05.09 10:37:41 | 0 | WW_PumpenPower ein,  Temp= 66.5°C
2021.05.09 10:48:33 | 0 | Heizstab aus, Temp= 66.8°C
2021.05.09 10:54:08 | 0 | WW_PumpenPower aus, Temp= 65.5°C
2021.05.09 10:54:08 | 0 | Heizstab(1KW) ein, Temp= 65.5°C
2021.05.09 11:14:14 | 0 | WW_PumpenPower ein,  Temp= 66.8°C
2021.05.09 11:20:10 | 0 | WW_PumpenPower aus, Temp= 65.2°C
2021.05.09 11:43:59 | 0 | WW_PumpenPower ein,  Temp= 66.8°C
2021.05.09 11:47:49 | 0 | WW_PumpenPower aus, Temp= 65.2°C
2021.05.09 12:21:19 | 0 | WW_PumpenPower ein,  Temp= 66.8°C
2021.05.09 12:26:34 | 0 | WW_PumpenPower aus, Temp= 65.0°C
2021.05.09 12:51:42 | 0 | WW_PumpenPower ein,  Temp= 66.2°C
2021.05.09 12:56:22 | 0 | WW_PumpenPower aus, Temp= 65.0°C
2021.05.09 13:21:12 | 0 | WW_PumpenPower ein,  Temp= 66.2°C
2021.05.09 13:25:58 | 0 | WW_PumpenPower aus, Temp= 65.0°C
2021.05.09 13:32:19 | 0 | Starte Programm maximal_laden()
2021.05.09 19:12:44 | 0 | Starte Programm maximal_laden()
2021.05.09 19:12:44 | 0 | Heizstab aus,, Temp= 61.0°C
2021.05.09 19:12:50 | 0 | Heizstab aus,, Temp= 61.0°C
2021.05.09 19:12:58 | 0 | Heizstab aus,, Temp= 61.0°C
2021.05.09 19:13:04 | 0 | Heizstab aus,, Temp= 61.0°C
2021.05.09 19:13:11 | 0 | Heizstab aus,, Temp= 61.0°C
2021.05.09 19:13:17 | 0 | Heizstab aus,, Temp= 61.0°C
2021.05.09 19:13:23 | 0 | Heizstab aus,, Temp= 61.0°C
2021.05.09 19:13:30 | 0 | Heizstab aus,, Temp= 61.0°C
2021.05.09 19:13:37 | 0 | Heizstab aus,, Temp= 61.0°C
2021.05.09 19:13:43 | 0 | Heizstab aus,, Temp= 61.0°C
2021.05.09 19:13:50 | 0 | Heizstab aus,, Temp= 61.0°C
2021.05.09 19:13:56 | 0 | Heizstab aus,, Temp= 61.0°C
2021.05.09 19:14:02 | 0 | Heizstab aus,, Temp= 61.0°C
2021.05.09 19:14:09 | 0 | Heizstab aus,, Temp= 61.0°C
2021.05.09 19:14:15 | 0 | Heizstab aus,, Temp= 61.0°C
2021.05.09 19:14:22 | 0 | Heizstab aus,, Temp= 61.0°C
2021.05.09 19:14:29 | 0 | Heizstab aus,, Temp= 61.0°C
2021.05.09 19:14:35 | 0 | Heizstab aus,, Temp= 61.0°C
2021.05.09 19:14:42 | 0 | Heizstab aus,, Temp= 61.0°C
2021.05.09 19:14:49 | 0 | Heizstab aus,, Temp= 61.0°C
2021.05.09 19:14:55 | 0 | Heizstab aus,, Temp= 61.0°C
2021.05.09 19:15:02 | 0 | Heizstab aus,, Temp= 61.0°C
2021.05.09 19:15:09 | 0 | Heizstab aus,, Temp= 61.0°C
2021.05.09 19:15:16 | 0 | Heizstab aus,, Temp= 61.0°C
2021.05.09 19:15:22 | 0 | Heizstab aus,, Temp= 61.0°C
2021.05.09 19:15:28 | 0 | Heizstab aus,, Temp= 61.0°C
2021.05.09 19:15:35 | 0 | Heizstab aus,, Temp= 61.0°C
2021.05.09 19:15:42 | 0 | Heizstab aus,, Temp= 61.0°C
2021.05.09 19:15:48 | 0 | Heizstab aus,, Temp= 61.0°C
2021.05.09 19:15:55 | 0 | Heizstab aus,, Temp= 61.0°C
2021.05.09 19:16:01 | 0 | Heizstab aus,, Temp= 61.0°C
2021.05.09 19:16:07 | 0 | Heizstab aus,, Temp= 61.0°C
2021.05.09 19:16:14 | 0 | Heizstab aus,, Temp= 61.0°C
2021.05.09 19:16:20 | 0 | Heizstab aus,, Temp= 61.0°C
2021.05.09 19:16:27 | 0 | Heizstab aus,, Temp= 61.0°C
2021.05.09 19:16:34 | 0 | Heizstab aus,, Temp= 61.0°C
2021.05.09 19:16:40 | 0 | Heizstab aus,, Temp= 61.0°C
2021.05.09 19:16:48 | 0 | Heizstab aus,, Temp= 61.0°C
2021.05.09 19:16:54 | 0 | Heizstab aus,, Temp= 61.0°C
2021.05.09 19:17:00 | 0 | Heizstab aus,, Temp= 61.0°C
2021.05.09 19:17:08 | 0 | Heizstab aus,, Temp= 61.0°C
2021.05.09 19:17:14 | 0 | Heizstab aus,, Temp= 61.0°C
2021.05.09 19:17:20 | 0 | Heizstab aus,, Temp= 61.0°C
2021.05.09 19:17:27 | 0 | Heizstab aus,, Temp= 61.0°C
2021.05.09 19:17:33 | 0 | Heizstab aus,, Temp= 61.0°C
2021.05.09 19:17:40 | 0 | Heizstab aus,, Temp= 61.0°C
2021.05.09 19:17:47 | 0 | Heizstab aus,, Temp= 61.0°C
2021.05.09 19:17:55 | 0 | Heizstab aus,, Temp= 61.0°C
2021.05.09 19:18:02 | 0 | Heizstab aus,, Temp= 61.0°C
2021.05.09 19:18:09 | 0 | Heizstab aus,, Temp= 61.0°C
2021.05.09 19:18:15 | 0 | Heizstab aus,, Temp= 61.0°C
2021.05.09 19:18:23 | 0 | Heizstab aus,, Temp= 61.0°C
2021.05.09 19:18:29 | 0 | Heizstab aus,, Temp= 61.0°C
2021.05.09 19:18:35 | 0 | Heizstab aus,, Temp= 61.0°C
2021.05.09 19:18:43 | 0 | Heizstab aus,, Temp= 61.0°C
2021.05.09 19:18:49 | 0 | Heizstab aus,, Temp= 61.0°C
2021.05.09 19:18:56 | 0 | Heizstab aus,, Temp= 61.0°C
2021.05.09 19:19:02 | 0 | Heizstab aus,, Temp= 61.0°C
2021.05.09 19:19:09 | 0 | Heizstab aus,, Temp= 61.0°C
2021.05.09 19:19:16 | 0 | Heizstab aus,, Temp= 61.0°C
2021.05.09 19:19:24 | 0 | Heizstab aus,, Temp= 61.0°C
2021.05.09 19:19:30 | 0 | Heizstab aus,, Temp= 61.0°C
2021.05.09 19:19:37 | 0 | Heizstab aus,, Temp= 61.0°C
2021.05.09 19:19:43 | 0 | Heizstab aus,, Temp= 61.0°C
2021.05.09 19:19:50 | 0 | Heizstab aus,, Temp= 61.0°C
2021.05.09 19:19:57 | 0 | Heizstab aus,, Temp= 61.0°C
2021.05.09 19:20:03 | 0 | Heizstab aus,, Temp= 61.0°C
2021.05.09 19:20:10 | 0 | Heizstab aus,, Temp= 61.0°C
2021.05.09 19:20:17 | 0 | Heizstab aus,, Temp= 61.0°C
2021.05.09 19:20:24 | 0 | Heizstab aus,, Temp= 61.0°C
2021.05.09 19:20:31 | 0 | Heizstab aus,, Temp= 61.0°C
2021.05.09 19:20:37 | 0 | Heizstab aus,, Temp= 61.0°C
2021.05.09 19:20:44 | 0 | Heizstab aus,, Temp= 61.0°C
2021.05.09 19:20:50 | 0 | Heizstab aus,, Temp= 61.0°C
2021.05.09 19:20:57 | 0 | Heizstab aus,, Temp= 61.0°C
2021.05.09 19:21:04 | 0 | Heizstab aus,, Temp= 61.0°C
2021.05.09 19:21:10 | 0 | Heizstab aus,, Temp= 61.0°C
2021.05.09 19:21:18 | 0 | Heizstab aus,, Temp= 61.0°C
2021.05.09 19:21:24 | 0 | Heizstab aus,, Temp= 61.0°C
2021.05.09 19:21:30 | 0 | Heizstab aus,, Temp= 61.0°C
2021.05.09 19:21:37 | 0 | Heizstab aus,, Temp= 61.0°C
2021.05.09 19:21:43 | 0 | Heizstab aus,, Temp= 61.0°C
2021.05.09 19:21:50 | 0 | Heizstab aus,, Temp= 61.0°C
2021.05.09 19:21:57 | 0 | Heizstab aus,, Temp= 61.0°C
2021.05.09 19:22:03 | 0 | Heizstab aus,, Temp= 61.0°C
2021.05.09 19:22:10 | 0 | Heizstab aus,, Temp= 61.0°C
2021.05.09 19:22:16 | 0 | Heizstab aus,, Temp= 61.0°C
2021.05.09 19:22:22 | 0 | Heizstab aus,, Temp= 61.0°C
2021.05.09 19:22:29 | 0 | Heizstab aus,, Temp= 61.0°C
2021.05.09 19:22:36 | 0 | Heizstab aus,, Temp= 61.0°C
2021.05.09 19:22:42 | 0 | Heizstab aus,, Temp= 61.0°C
2021.05.09 19:22:48 | 0 | Heizstab aus,, Temp= 61.0°C
2021.05.09 19:22:55 | 0 | Heizstab aus,, Temp= 61.0°C
2021.05.09 19:23:02 | 0 | Heizstab aus,, Temp= 61.0°C
2021.05.09 19:23:08 | 0 | Heizstab aus,, Temp= 61.0°C
2021.05.09 19:23:15 | 0 | Heizstab aus,, Temp= 61.0°C
2021.05.09 19:23:22 | 0 | Heizstab aus,, Temp= 61.0°C
2021.05.09 19:23:28 | 0 | Heizstab aus,, Temp= 61.0°C
2021.05.09 19:23:35 | 0 | Heizstab aus,, Temp= 61.0°C
2021.05.09 19:23:41 | 0 | Heizstab aus,, Temp= 61.0°C
2021.05.09 19:23:47 | 0 | Heizstab aus,, Temp= 61.0°C
2021.05.09 19:23:54 | 0 | Heizstab aus,, Temp= 60.8°C
2021.05.09 19:24:00 | 0 | Heizstab aus,, Temp= 61.0°C
2021.05.09 19:24:07 | 0 | Heizstab aus,, Temp= 61.0°C
2021.05.09 19:24:14 | 0 | Heizstab aus,, Temp= 61.0°C
2021.05.09 19:24:20 | 0 | Heizstab aus,, Temp= 61.0°C
2021.05.09 19:24:28 | 0 | Heizstab aus,, Temp= 61.0°C
2021.05.09 19:24:34 | 0 | Heizstab aus,, Temp= 61.0°C
2021.05.09 19:24:41 | 0 | Heizstab aus,, Temp= 61.0°C
2021.05.09 19:24:47 | 0 | Heizstab aus,, Temp= 60.8°C
2021.05.09 19:24:53 | 0 | Heizstab aus,, Temp= 61.0°C
2021.05.09 19:25:00 | 0 | Heizstab aus,, Temp= 60.8°C
2021.05.09 19:25:07 | 0 | Heizstab aus,, Temp= 61.0°C
2021.05.09 19:25:13 | 0 | Heizstab aus,, Temp= 60.8°C
2021.05.09 19:25:20 | 0 | Heizstab aus,, Temp= 60.8°C
2021.05.09 19:25:26 | 0 | Heizstab aus,, Temp= 60.8°C
2021.05.09 19:25:32 | 0 | Heizstab aus,, Temp= 60.8°C
2021.05.09 19:25:39 | 0 | Heizstab aus,, Temp= 60.8°C
2021.05.09 19:25:45 | 0 | Heizstab aus,, Temp= 60.8°C
2021.05.09 19:25:53 | 0 | Heizstab aus,, Temp= 60.8°C
2021.05.09 19:25:59 | 0 | Heizstab aus,, Temp= 60.8°C
2021.05.09 19:26:05 | 0 | Heizstab aus,, Temp= 60.8°C
2021.05.09 19:26:13 | 0 | Heizstab aus,, Temp= 60.8°C
2021.05.09 19:26:19 | 0 | Heizstab aus,, Temp= 60.8°C
2021.05.09 19:26:25 | 0 | Heizstab aus,, Temp= 60.8°C
2021.05.09 19:26:32 | 0 | Heizstab aus,, Temp= 60.8°C
2021.05.09 19:26:38 | 0 | Heizstab aus,, Temp= 60.8°C
2021.05.09 19:26:45 | 0 | Heizstab aus,, Temp= 60.8°C
2021.05.09 19:26:52 | 0 | Heizstab aus,, Temp= 60.8°C
2021.05.09 19:26:59 | 0 | Heizstab aus,, Temp= 60.8°C
2021.05.09 19:27:05 | 0 | Heizstab aus,, Temp= 60.8°C
2021.05.09 19:27:12 | 0 | Heizstab aus,, Temp= 60.8°C
2021.05.09 19:27:18 | 0 | Heizstab aus,, Temp= 60.8°C
2021.05.09 19:27:25 | 0 | Heizstab aus,, Temp= 60.8°C
2021.05.09 19:27:31 | 0 | Heizstab aus,, Temp= 60.8°C
2021.05.09 19:27:37 | 0 | Heizstab aus,, Temp= 60.8°C
2021.05.09 19:27:44 | 0 | Heizstab aus,, Temp= 60.8°C
2021.05.09 19:27:50 | 0 | Heizstab aus,, Temp= 60.8°C
2021.05.09 19:27:57 | 0 | Heizstab aus,, Temp= 60.8°C
2021.05.09 19:28:03 | 0 | Heizstab aus,, Temp= 60.8°C
2021.05.09 19:28:10 | 0 | Heizstab aus,, Temp= 60.8°C
2021.05.09 19:28:17 | 0 | Heizstab aus,, Temp= 60.8°C
2021.05.09 19:28:24 | 0 | Heizstab aus,, Temp= 60.8°C
2021.05.09 19:28:30 | 0 | Heizstab aus,, Temp= 60.8°C
2021.05.09 19:28:37 | 0 | Heizstab aus,, Temp= 60.8°C
2021.05.09 19:28:43 | 0 | Heizstab aus,, Temp= 60.8°C
2021.05.09 19:28:50 | 0 | Heizstab aus,, Temp= 60.8°C
2021.05.09 19:28:57 | 0 | Heizstab aus,, Temp= 60.8°C
2021.05.09 19:29:03 | 0 | Heizstab aus,, Temp= 60.8°C
2021.05.09 19:29:10 | 0 | Heizstab aus,, Temp= 60.8°C
2021.05.09 19:29:16 | 0 | Heizstab aus,, Temp= 60.8°C
2021.05.09 19:29:22 | 0 | Heizstab aus,, Temp= 60.8°C
2021.05.09 19:29:29 | 0 | Heizstab aus,, Temp= 60.8°C
2021.05.09 19:29:35 | 0 | Heizstab aus,, Temp= 60.8°C
2021.05.09 19:29:43 | 0 | Heizstab aus,, Temp= 60.8°C
2021.05.09 19:29:49 | 0 | Heizstab aus,, Temp= 60.8°C
2021.05.09 19:29:55 | 0 | Heizstab aus,, Temp= 60.8°C
2021.05.09 19:30:03 | 0 | Heizstab aus,, Temp= 60.8°C
2021.05.09 19:30:09 | 0 | Heizstab aus,, Temp= 60.8°C
2021.05.09 19:30:15 | 0 | Heizstab aus,, Temp= 60.8°C
2021.05.09 19:30:22 | 0 | Heizstab aus,, Temp= 60.8°C
2021.05.09 19:30:28 | 0 | Heizstab aus,, Temp= 60.8°C
2021.05.09 19:30:35 | 0 | Heizstab aus,, Temp= 60.8°C
2021.05.09 19:30:42 | 0 | Heizstab aus,, Temp= 60.8°C
2021.05.09 19:30:48 | 0 | Heizstab aus,, Temp= 60.8°C
2021.05.09 19:30:55 | 0 | Heizstab aus,, Temp= 60.8°C
2021.05.09 19:31:01 | 0 | Heizstab aus,, Temp= 60.8°C
2021.05.09 19:31:07 | 0 | Heizstab aus,, Temp= 60.8°C
2021.05.09 19:31:14 | 0 | Heizstab aus,, Temp= 60.8°C
2021.05.09 19:31:20 | 0 | Heizstab aus,, Temp= 60.8°C
2021.05.09 19:31:27 | 0 | Heizstab aus,, Temp= 60.8°C
2021.05.09 19:31:34 | 0 | Heizstab aus,, Temp= 60.8°C
2021.05.09 19:31:40 | 0 | Heizstab aus,, Temp= 60.8°C
2021.05.09 19:31:48 | 0 | Heizstab aus,, Temp= 60.8°C
2021.05.09 19:31:54 | 0 | Heizstab aus,, Temp= 60.8°C
2021.05.09 19:32:00 | 0 | Heizstab aus,, Temp= 60.8°C
2021.05.09 19:32:08 | 0 | Heizstab aus,, Temp= 60.8°C
2021.05.09 19:32:14 | 0 | Heizstab aus,, Temp= 60.8°C
2021.05.09 19:32:20 | 0 | Heizstab aus,, Temp= 60.8°C
2021.05.09 19:32:27 | 0 | Heizstab aus,, Temp= 60.8°C
2021.05.09 19:32:33 | 0 | Heizstab aus,, Temp= 60.8°C
2021.05.09 19:32:40 | 0 | Heizstab aus,, Temp= 60.8°C
2021.05.09 19:32:46 | 0 | Heizstab aus,, Temp= 60.8°C
2021.05.09 19:32:52 | 0 | Heizstab aus,, Temp= 60.8°C
2021.05.09 19:32:59 | 0 | Heizstab aus,, Temp= 60.8°C
2021.05.09 19:33:05 | 0 | Heizstab aus,, Temp= 60.8°C
2021.05.09 19:33:13 | 0 | Heizstab aus,, Temp= 60.8°C
2021.05.09 19:33:19 | 0 | Heizstab aus,, Temp= 60.8°C
2021.05.09 19:33:25 | 0 | Heizstab aus,, Temp= 60.8°C
2021.05.09 19:33:33 | 0 | Heizstab aus,, Temp= 60.8°C
2021.05.09 19:33:39 | 0 | Heizstab aus,, Temp= 60.8°C
2021.05.09 19:33:45 | 0 | Heizstab aus,, Temp= 60.8°C
2021.05.09 19:33:53 | 0 | Heizstab aus,, Temp= 60.8°C
2021.05.09 19:33:59 | 0 | Heizstab aus,, Temp= 60.8°C
2021.05.09 19:34:06 | 0 | Heizstab aus,, Temp= 60.8°C
2021.05.09 19:34:12 | 0 | Heizstab aus,, Temp= 60.8°C
2021.05.09 19:34:18 | 0 | Heizstab aus,, Temp= 60.8°C
2021.05.09 19:34:25 | 0 | Heizstab aus,, Temp= 60.8°C
2021.05.09 19:34:32 | 0 | Heizstab aus,, Temp= 60.8°C
2021.05.09 19:34:38 | 0 | Heizstab aus,, Temp= 60.8°C
2021.05.09 19:34:45 | 0 | Heizstab aus,, Temp= 60.8°C
2021.05.09 19:34:51 | 0 | Heizstab aus,, Temp= 60.8°C
2021.05.09 19:34:57 | 0 | Heizstab aus,, Temp= 60.8°C
2021.05.09 19:35:04 | 0 | Heizstab aus,, Temp= 60.8°C
2021.05.09 19:35:10 | 0 | Heizstab aus,, Temp= 60.8°C
2021.05.09 19:35:17 | 0 | Heizstab aus,, Temp= 60.8°C
2021.05.09 19:35:24 | 0 | Heizstab aus,, Temp= 60.8°C
2021.05.09 19:35:30 | 0 | Heizstab aus,, Temp= 60.8°C
2021.05.09 19:35:38 | 0 | Heizstab aus,, Temp= 60.8°C
2021.05.09 19:35:44 | 0 | Heizstab aus,, Temp= 60.8°C
2021.05.09 19:35:50 | 0 | Heizstab aus,, Temp= 60.8°C
2021.05.09 19:35:58 | 0 | Heizstab aus,, Temp= 60.8°C
2021.05.09 19:36:04 | 0 | Heizstab aus,, Temp= 60.8°C
2021.05.09 19:36:11 | 0 | Heizstab aus,, Temp= 60.8°C
2021.05.09 19:36:17 | 0 | Heizstab aus,, Temp= 60.8°C
2021.05.09 19:36:23 | 0 | Heizstab aus,, Temp= 60.8°C
2021.05.09 19:36:30 | 0 | Heizstab aus,, Temp= 60.8°C
2021.05.09 19:36:37 | 0 | Heizstab aus,, Temp= 60.8°C
2021.05.09 19:36:43 | 0 | Heizstab aus,, Temp= 60.8°C
2021.05.09 19:36:50 | 0 | Heizstab aus,, Temp= 60.8°C
2021.05.09 19:36:57 | 0 | Heizstab aus,, Temp= 60.8°C
2021.05.09 19:37:03 | 0 | Heizstab aus,, Temp= 60.8°C
2021.05.09 19:37:10 | 0 | Heizstab aus,, Temp= 60.8°C
2021.05.09 19:37:16 | 0 | Heizstab aus,, Temp= 60.8°C
2021.05.09 19:37:22 | 0 | Heizstab aus,, Temp= 60.8°C
2021.05.09 19:37:29 | 0 | Heizstab aus,, Temp= 60.8°C
2021.05.09 19:37:36 | 0 | Heizstab aus,, Temp= 60.8°C
2021.05.09 19:37:42 | 0 | Heizstab aus,, Temp= 60.8°C
2021.05.09 19:37:48 | 0 | Heizstab aus,, Temp= 60.8°C
2021.05.09 19:37:55 | 0 | Heizstab aus,, Temp= 60.8°C
2021.05.09 19:38:02 | 0 | Heizstab aus,, Temp= 60.8°C
2021.05.09 19:38:08 | 0 | Heizstab aus,, Temp= 60.8°C
2021.05.09 19:38:15 | 0 | Heizstab aus,, Temp= 60.8°C
2021.05.09 19:38:22 | 0 | Heizstab aus,, Temp= 60.8°C
2021.05.09 19:38:28 | 0 | Heizstab aus,, Temp= 60.8°C
2021.05.09 19:38:35 | 0 | Heizstab aus,, Temp= 60.5°C
2021.05.09 19:38:42 | 0 | Heizstab aus,, Temp= 60.8°C
2021.05.09 19:38:48 | 0 | Heizstab aus,, Temp= 60.8°C
2021.05.09 19:38:55 | 0 | Heizstab aus,, Temp= 60.8°C
2021.05.09 19:39:01 | 0 | Heizstab aus,, Temp= 60.8°C
2021.05.09 19:39:07 | 0 | Heizstab aus,, Temp= 60.8°C
2021.05.09 19:39:14 | 0 | Heizstab aus,, Temp= 60.8°C
2021.05.09 19:39:20 | 0 | Heizstab aus,, Temp= 60.5°C
2021.05.09 19:39:28 | 0 | Heizstab aus,, Temp= 60.5°C
2021.05.09 19:39:34 | 0 | Heizstab aus,, Temp= 60.8°C
2021.05.09 19:39:40 | 0 | Heizstab aus,, Temp= 60.5°C
2021.05.09 19:39:48 | 0 | Heizstab aus,, Temp= 60.8°C
2021.05.09 19:39:54 | 0 | Heizstab aus,, Temp= 60.8°C
2021.05.09 19:40:01 | 0 | Heizstab aus,, Temp= 60.5°C
2021.05.09 19:40:07 | 0 | Heizstab aus,, Temp= 60.5°C
2021.05.09 19:40:13 | 0 | Heizstab aus,, Temp= 60.5°C
2021.05.09 19:40:20 | 0 | Heizstab aus,, Temp= 60.5°C
2021.05.09 19:40:27 | 0 | Heizstab aus,, Temp= 60.5°C
2021.05.09 19:40:33 | 0 | Heizstab aus,, Temp= 60.5°C
2021.05.09 19:40:40 | 0 | Heizstab aus,, Temp= 60.5°C
2021.05.09 19:40:47 | 0 | Heizstab aus,, Temp= 60.5°C
2021.05.09 19:40:53 | 0 | Heizstab aus,, Temp= 60.5°C
2021.05.09 19:41:00 | 0 | Heizstab aus,, Temp= 60.5°C
2021.05.09 19:41:07 | 0 | Heizstab aus,, Temp= 60.5°C
2021.05.09 19:41:13 | 0 | Heizstab aus,, Temp= 60.5°C
2021.05.09 19:41:20 | 0 | Heizstab aus,, Temp= 60.5°C
2021.05.09 19:41:26 | 0 | Heizstab aus,, Temp= 60.5°C
2021.05.09 19:41:32 | 0 | Heizstab aus,, Temp= 60.5°C
2021.05.09 19:41:39 | 0 | Heizstab aus,, Temp= 60.5°C
2021.05.09 19:41:45 | 0 | Heizstab aus,, Temp= 60.5°C
2021.05.09 19:41:52 | 0 | Heizstab aus,, Temp= 60.5°C
2021.05.09 19:41:59 | 0 | Heizstab aus,, Temp= 60.5°C
2021.05.09 19:42:05 | 0 | Heizstab aus,, Temp= 60.5°C
2021.05.09 19:42:13 | 0 | Heizstab aus,, Temp= 60.5°C
2021.05.09 19:42:19 | 0 | Heizstab aus,, Temp= 60.5°C
2021.05.09 19:42:25 | 0 | Heizstab aus,, Temp= 60.5°C
2021.05.09 19:42:32 | 0 | Heizstab aus,, Temp= 60.5°C
2021.05.09 19:42:39 | 0 | Heizstab aus,, Temp= 60.5°C
2021.05.09 19:42:45 | 0 | Heizstab aus,, Temp= 60.5°C
2021.05.09 19:42:53 | 0 | Heizstab aus,, Temp= 60.5°C
2021.05.09 19:42:59 | 0 | Heizstab aus,, Temp= 60.5°C
2021.05.09 19:43:06 | 0 | Heizstab aus,, Temp= 60.5°C
2021.05.09 19:43:12 | 0 | Heizstab aus,, Temp= 60.5°C
2021.05.09 19:43:18 | 0 | Heizstab aus,, Temp= 60.5°C
2021.05.09 19:43:25 | 0 | Heizstab aus,, Temp= 60.5°C
2021.05.09 19:43:31 | 0 | Heizstab aus,, Temp= 60.5°C
2021.05.09 19:43:37 | 0 | Heizstab aus,, Temp= 60.5°C
2021.05.09 19:43:44 | 0 | Heizstab aus,, Temp= 60.5°C
2021.05.09 19:43:50 | 0 | Heizstab aus,, Temp= 60.5°C
2021.05.09 19:43:57 | 0 | Heizstab aus,, Temp= 60.5°C
2021.05.09 19:44:04 | 0 | Heizstab aus,, Temp= 60.5°C
2021.05.09 19:44:10 | 0 | Heizstab aus,, Temp= 60.5°C
2021.05.09 19:44:17 | 0 | Heizstab aus,, Temp= 60.5°C
2021.05.09 19:44:23 | 0 | Heizstab aus,, Temp= 60.5°C
2021.05.09 19:44:30 | 0 | Heizstab aus,, Temp= 60.5°C
2021.05.09 19:44:37 | 0 | Heizstab aus,, Temp= 60.5°C
2021.05.09 19:44:43 | 0 | Heizstab aus,, Temp= 60.5°C
2021.05.09 19:44:50 | 0 | Heizstab aus,, Temp= 60.5°C
2021.05.09 19:44:57 | 0 | Heizstab aus,, Temp= 60.5°C
2021.05.09 19:45:03 | 0 | Heizstab aus,, Temp= 60.5°C
2021.05.09 19:45:10 | 0 | Heizstab aus,, Temp= 60.5°C
2021.05.09 19:45:16 | 0 | Heizstab aus,, Temp= 60.5°C
2021.05.09 19:45:22 | 0 | Heizstab aus,, Temp= 60.5°C
2021.05.09 19:45:29 | 0 | Heizstab aus,, Temp= 60.5°C
2021.05.09 19:45:35 | 0 | Heizstab aus,, Temp= 60.5°C
2021.05.09 19:45:42 | 0 | Heizstab aus,, Temp= 60.5°C
2021.05.09 19:45:49 | 0 | Heizstab aus,, Temp= 60.5°C
2021.05.09 19:45:55 | 0 | Heizstab aus,, Temp= 60.5°C
2021.05.09 19:46:03 | 0 | Heizstab aus,, Temp= 60.5°C
2021.05.09 19:46:09 | 0 | Heizstab aus,, Temp= 60.5°C
2021.05.09 19:46:15 | 0 | Heizstab aus,, Temp= 60.5°C
2021.05.09 19:46:23 | 0 | Heizstab aus,, Temp= 60.5°C
2021.05.09 19:46:29 | 0 | Heizstab aus,, Temp= 60.5°C
2021.05.09 19:46:36 | 0 | Heizstab aus,, Temp= 60.5°C
2021.05.09 19:46:42 | 0 | Heizstab aus,, Temp= 60.5°C
2021.05.09 19:46:48 | 0 | Heizstab aus,, Temp= 60.5°C
2021.05.09 19:46:55 | 0 | Heizstab aus,, Temp= 60.5°C
2021.05.09 19:47:03 | 0 | Heizstab aus,, Temp= 60.5°C
2021.05.09 19:47:09 | 0 | Heizstab aus,, Temp= 60.5°C
2021.05.09 19:47:16 | 0 | Heizstab aus,, Temp= 60.5°C
2021.05.09 19:47:22 | 0 | Heizstab aus,, Temp= 60.5°C
2021.05.09 19:47:28 | 0 | Heizstab aus,, Temp= 60.5°C
2021.05.09 19:47:35 | 0 | Heizstab aus,, Temp= 60.5°C
2021.05.09 19:47:42 | 0 | Heizstab aus,, Temp= 60.5°C
2021.05.09 19:47:48 | 0 | Heizstab aus,, Temp= 60.5°C
2021.05.09 19:47:55 | 0 | Heizstab aus,, Temp= 60.5°C
2021.05.09 19:48:01 | 0 | Heizstab aus,, Temp= 60.5°C
2021.05.09 19:48:07 | 0 | Heizstab aus,, Temp= 60.5°C
2021.05.09 19:48:14 | 0 | Heizstab aus,, Temp= 60.5°C
2021.05.09 19:48:20 | 0 | Heizstab aus,, Temp= 60.5°C
2021.05.09 19:48:28 | 0 | Heizstab aus,, Temp= 60.5°C
2021.05.09 19:48:34 | 0 | Heizstab aus,, Temp= 60.5°C
2021.05.09 19:48:40 | 0 | Heizstab aus,, Temp= 60.5°C
2021.05.09 19:48:48 | 0 | Heizstab aus,, Temp= 60.5°C
2021.05.09 19:48:54 | 0 | Heizstab aus,, Temp= 60.5°C
2021.05.09 19:49:01 | 0 | Heizstab aus,, Temp= 60.5°C
2021.05.09 19:49:07 | 0 | Heizstab aus,, Temp= 60.5°C
2021.05.09 19:49:14 | 0 | Heizstab aus,, Temp= 60.5°C
2021.05.09 19:49:20 | 0 | Heizstab aus,, Temp= 60.5°C
2021.05.09 19:49:27 | 0 | Heizstab aus,, Temp= 60.5°C
2021.05.09 19:49:34 | 0 | Heizstab aus,, Temp= 60.5°C
2021.05.09 19:49:40 | 0 | Heizstab aus,, Temp= 60.5°C
2021.05.09 19:49:48 | 0 | Heizstab aus,, Temp= 60.5°C
2021.05.09 19:49:54 | 0 | Heizstab aus,, Temp= 60.5°C
2021.05.09 19:50:00 | 0 | Heizstab aus,, Temp= 60.5°C
2021.05.09 19:50:07 | 0 | Heizstab aus,, Temp= 60.5°C
2021.05.09 19:50:13 | 0 | Heizstab aus,, Temp= 60.5°C
2021.05.09 19:50:20 | 0 | Heizstab aus,, Temp= 60.5°C
2021.05.09 19:50:26 | 0 | Heizstab aus,, Temp= 60.5°C
2021.05.09 19:50:32 | 0 | Heizstab aus,, Temp= 60.5°C
2021.05.09 19:50:39 | 0 | Heizstab aus,, Temp= 60.5°C
2021.05.09 19:50:45 | 0 | Heizstab aus,, Temp= 60.5°C
2021.05.09 19:50:53 | 0 | Heizstab aus,, Temp= 60.5°C
2021.05.09 19:50:59 | 0 | Heizstab aus,, Temp= 60.5°C
2021.05.09 19:51:05 | 0 | Heizstab aus,, Temp= 60.5°C
2021.05.09 19:51:13 | 0 | Heizstab aus,, Temp= 60.5°C
2021.05.09 19:51:19 | 0 | Heizstab aus,, Temp= 60.5°C
2021.05.09 19:51:26 | 0 | Heizstab aus,, Temp= 60.5°C
2021.05.09 19:51:32 | 0 | Heizstab aus,, Temp= 60.5°C
2021.05.09 19:51:38 | 0 | Heizstab aus,, Temp= 60.5°C
2021.05.09 19:51:45 | 0 | Heizstab aus,, Temp= 60.5°C
2021.05.09 19:51:52 | 0 | Heizstab aus,, Temp= 60.5°C
2021.05.09 19:51:58 | 0 | Heizstab aus,, Temp= 60.5°C
2021.05.09 19:52:05 | 0 | Heizstab aus,, Temp= 60.5°C
2021.05.09 19:52:11 | 0 | Heizstab aus,, Temp= 60.5°C
2021.05.09 19:52:17 | 0 | Heizstab aus,, Temp= 60.5°C
2021.05.09 19:52:24 | 0 | Heizstab aus,, Temp= 60.5°C
2021.05.09 19:52:30 | 0 | Heizstab aus,, Temp= 60.5°C
2021.05.09 19:52:37 | 0 | Heizstab aus,, Temp= 60.5°C
2021.05.09 19:52:44 | 0 | Heizstab aus,, Temp= 60.5°C
2021.05.09 19:52:50 | 0 | Heizstab aus,, Temp= 60.5°C
2021.05.09 19:52:58 | 0 | Heizstab aus,, Temp= 60.5°C
2021.05.09 19:53:04 | 0 | Heizstab aus,, Temp= 60.5°C
2021.05.09 19:53:10 | 0 | Heizstab aus,, Temp= 60.5°C
2021.05.09 19:53:18 | 0 | Heizstab aus,, Temp= 60.5°C
2021.05.09 19:53:24 | 0 | Heizstab aus,, Temp= 60.5°C
2021.05.09 19:53:31 | 0 | Heizstab aus,, Temp= 60.5°C
2021.05.09 19:53:37 | 0 | Heizstab aus,, Temp= 60.5°C
2021.05.09 19:53:43 | 0 | Heizstab aus,, Temp= 60.5°C
2021.05.09 19:53:50 | 0 | Heizstab aus,, Temp= 60.5°C
2021.05.09 19:53:57 | 0 | Heizstab aus,, Temp= 60.5°C
2021.05.09 19:54:03 | 0 | Heizstab aus,, Temp= 60.5°C
2021.05.09 19:54:10 | 0 | Heizstab aus,, Temp= 60.5°C
2021.05.09 19:54:16 | 0 | Heizstab aus,, Temp= 60.5°C
2021.05.09 19:54:22 | 0 | Heizstab aus,, Temp= 60.5°C
2021.05.09 19:54:29 | 0 | Heizstab aus,, Temp= 60.5°C
2021.05.09 19:54:35 | 0 | Heizstab aus,, Temp= 60.5°C
2021.05.09 19:54:42 | 0 | Heizstab aus,, Temp= 60.5°C
2021.05.09 19:54:48 | 0 | Heizstab aus,, Temp= 60.5°C
2021.05.09 19:54:55 | 0 | Heizstab aus,, Temp= 60.5°C
2021.05.09 19:55:02 | 0 | Heizstab aus,, Temp= 60.5°C
2021.05.09 19:55:08 | 0 | Heizstab aus,, Temp= 60.2°C
2021.05.09 19:55:15 | 0 | Heizstab aus,, Temp= 60.5°C
2021.05.09 19:55:22 | 0 | Heizstab aus,, Temp= 60.5°C
2021.05.09 19:55:28 | 0 | Heizstab aus,, Temp= 60.5°C
2021.05.09 19:55:35 | 0 | Heizstab aus,, Temp= 60.5°C
2021.05.09 19:55:41 | 0 | Heizstab aus,, Temp= 60.5°C
2021.05.09 19:55:47 | 0 | Heizstab aus,, Temp= 60.5°C
2021.05.09 19:55:54 | 0 | Heizstab aus,, Temp= 60.2°C
2021.05.09 19:56:00 | 0 | Heizstab aus,, Temp= 60.2°C
2021.05.09 19:56:08 | 0 | Heizstab aus,, Temp= 60.5°C
2021.05.09 19:56:14 | 0 | Heizstab aus,, Temp= 60.2°C
2021.05.09 19:56:20 | 0 | Heizstab aus,, Temp= 60.2°C
2021.05.09 19:56:28 | 0 | Heizstab aus,, Temp= 60.2°C
2021.05.09 19:56:34 | 0 | Heizstab aus,, Temp= 60.2°C
2021.05.09 19:56:40 | 0 | Heizstab aus,, Temp= 60.2°C
2021.05.09 19:56:48 | 0 | Heizstab aus,, Temp= 60.2°C
2021.05.09 19:56:54 | 0 | Heizstab aus,, Temp= 60.2°C
2021.05.09 19:57:01 | 0 | Heizstab aus,, Temp= 60.2°C
2021.05.09 19:57:07 | 0 | Heizstab aus,, Temp= 60.2°C
2021.05.09 19:57:13 | 0 | Heizstab aus,, Temp= 60.2°C
2021.05.09 19:57:20 | 0 | Heizstab aus,, Temp= 60.2°C
2021.05.09 19:57:27 | 0 | Heizstab aus,, Temp= 60.2°C
2021.05.09 19:57:33 | 0 | Heizstab aus,, Temp= 60.2°C
2021.05.09 19:57:40 | 0 | Heizstab aus,, Temp= 60.2°C
2021.05.09 19:57:46 | 0 | Heizstab aus,, Temp= 60.2°C
2021.05.09 19:57:54 | 0 | Heizstab aus,, Temp= 60.2°C
2021.05.09 19:58:01 | 0 | Heizstab aus,, Temp= 60.2°C
2021.05.09 19:58:07 | 0 | Heizstab aus,, Temp= 60.2°C
2021.05.09 19:58:14 | 0 | Heizstab aus,, Temp= 60.2°C
2021.05.09 19:58:20 | 0 | Heizstab aus,, Temp= 60.2°C
2021.05.09 19:58:30 | 0 | Heizstab aus,, Temp= 60.2°C
2021.05.09 19:58:38 | 0 | Heizstab aus,, Temp= 60.2°C
2021.05.09 19:58:44 | 0 | Heizstab aus,, Temp= 60.2°C
2021.05.09 19:58:51 | 0 | Heizstab aus,, Temp= 60.2°C
2021.05.09 19:58:58 | 0 | Heizstab aus,, Temp= 60.2°C
2021.05.09 19:59:04 | 0 | Heizstab aus,, Temp= 60.2°C
2021.05.09 19:59:11 | 0 | Heizstab aus,, Temp= 60.2°C
2021.05.09 19:59:17 | 0 | Heizstab aus,, Temp= 60.2°C
2021.05.09 19:59:23 | 0 | Heizstab aus,, Temp= 60.2°C
2021.05.09 19:59:30 | 0 | Heizstab aus,, Temp= 60.2°C
2021.05.09 19:59:37 | 0 | Heizstab aus,, Temp= 60.2°C
2021.05.09 19:59:43 | 0 | Heizstab aus,, Temp= 60.2°C
2021.05.09 19:59:50 | 0 | Heizstab aus,, Temp= 60.2°C
2021.05.09 19:59:56 | 0 | Heizstab aus,, Temp= 60.2°C
2021.05.09 20:00:02 | 0 | Heizstab aus,, Temp= 60.2°C
2021.05.09 20:00:09 | 0 | Heizstab aus,, Temp= 60.2°C
2021.05.09 20:00:15 | 0 | Heizstab aus,, Temp= 60.2°C
2021.05.09 20:00:23 | 0 | Heizstab aus,, Temp= 60.2°C
2021.05.09 20:00:29 | 0 | Heizstab aus,, Temp= 60.2°C
2021.05.09 20:00:35 | 0 | Heizstab aus,, Temp= 60.2°C
2021.05.09 20:00:43 | 0 | Heizstab aus,, Temp= 60.2°C
2021.05.09 20:00:49 | 0 | Heizstab aus,, Temp= 60.2°C
2021.05.09 20:00:56 | 0 | Heizstab aus,, Temp= 60.2°C
2021.05.09 20:01:03 | 0 | Heizstab aus,, Temp= 60.2°C
2021.05.09 20:01:09 | 0 | Heizstab aus,, Temp= 60.2°C
2021.05.09 20:01:16 | 0 | Heizstab aus,, Temp= 60.2°C
2021.05.09 20:01:22 | 0 | Heizstab aus,, Temp= 60.2°C
2021.05.09 20:01:28 | 0 | Heizstab aus,, Temp= 60.2°C
2021.05.09 20:01:35 | 0 | Heizstab aus,, Temp= 60.2°C
2021.05.09 20:01:43 | 0 | Heizstab aus,, Temp= 60.2°C
2021.05.09 20:01:49 | 0 | Heizstab aus,, Temp= 60.2°C
2021.05.09 20:01:56 | 0 | Heizstab aus,, Temp= 60.2°C
2021.05.09 20:02:02 | 0 | Heizstab aus,, Temp= 60.2°C
2021.05.09 20:02:08 | 0 | Heizstab aus,, Temp= 60.2°C
2021.05.09 20:02:15 | 0 | Heizstab aus,, Temp= 60.2°C
2021.05.09 20:02:22 | 0 | Heizstab aus,, Temp= 60.2°C
2021.05.09 20:02:28 | 0 | Heizstab aus,, Temp= 60.2°C
2021.05.09 20:02:35 | 0 | Heizstab aus,, Temp= 60.2°C
2021.05.09 20:02:41 | 0 | Heizstab aus,, Temp= 60.2°C
2021.05.09 20:02:47 | 0 | Heizstab aus,, Temp= 60.2°C
2021.05.09 20:02:54 | 0 | Heizstab aus,, Temp= 60.2°C
2021.05.09 20:03:00 | 0 | Heizstab aus,, Temp= 60.2°C
2021.05.09 20:03:08 | 0 | Heizstab aus,, Temp= 60.2°C
2021.05.09 20:03:14 | 0 | Heizstab aus,, Temp= 60.2°C
2021.05.09 20:03:20 | 0 | Heizstab aus,, Temp= 60.2°C
2021.05.09 20:03:28 | 0 | Heizstab aus,, Temp= 60.2°C
2021.05.09 20:03:34 | 0 | Heizstab aus,, Temp= 60.2°C
2021.05.09 20:03:41 | 0 | Heizstab aus,, Temp= 60.2°C
2021.05.09 20:03:48 | 0 | Heizstab aus,, Temp= 60.2°C
2021.05.09 20:03:54 | 0 | Heizstab aus,, Temp= 60.2°C
2021.05.09 20:04:01 | 0 | Heizstab aus,, Temp= 60.2°C
2021.05.09 20:04:07 | 0 | Heizstab aus,, Temp= 60.2°C
2021.05.09 20:04:13 | 0 | Heizstab aus,, Temp= 60.2°C
2021.05.09 20:04:20 | 0 | Heizstab aus,, Temp= 60.2°C
2021.05.09 20:04:27 | 0 | Heizstab aus,, Temp= 60.2°C
2021.05.09 20:04:33 | 0 | Heizstab aus,, Temp= 60.2°C
2021.05.09 20:04:40 | 0 | Heizstab aus,, Temp= 60.2°C
2021.05.09 20:04:47 | 0 | Heizstab aus,, Temp= 60.2°C
2021.05.09 20:04:53 | 0 | Heizstab aus,, Temp= 60.2°C
2021.05.09 20:05:00 | 0 | Heizstab aus,, Temp= 60.2°C
2021.05.09 20:05:07 | 0 | Heizstab aus,, Temp= 60.2°C
2021.05.09 20:05:13 | 0 | Heizstab aus,, Temp= 60.2°C
2021.05.09 20:05:20 | 0 | Heizstab aus,, Temp= 60.2°C
2021.05.09 20:05:27 | 0 | Heizstab aus,, Temp= 60.2°C
2021.05.09 20:05:34 | 0 | Heizstab aus,, Temp= 60.2°C
2021.05.09 20:05:40 | 0 | Heizstab aus,, Temp= 60.2°C
2021.05.09 20:05:48 | 0 | Heizstab aus,, Temp= 60.2°C
2021.05.09 20:05:54 | 0 | Heizstab aus,, Temp= 60.2°C
2021.05.09 20:06:00 | 0 | Heizstab aus,, Temp= 60.2°C
2021.05.09 20:06:08 | 0 | Heizstab aus,, Temp= 60.2°C
2021.05.09 20:06:14 | 0 | Heizstab aus,, Temp= 60.2°C
2021.05.09 20:06:21 | 0 | Heizstab aus,, Temp= 60.2°C
2021.05.09 20:06:28 | 0 | Heizstab aus,, Temp= 60.2°C
2021.05.09 20:06:34 | 0 | Heizstab aus,, Temp= 60.2°C
2021.05.09 20:06:41 | 0 | Heizstab aus,, Temp= 60.2°C
2021.05.09 20:06:47 | 0 | Heizstab aus,, Temp= 60.2°C
2021.05.09 20:06:54 | 0 | Heizstab aus,, Temp= 60.2°C
2021.05.09 20:07:00 | 0 | Heizstab aus,, Temp= 60.2°C
2021.05.09 20:07:07 | 0 | Heizstab aus,, Temp= 60.2°C
2021.05.09 20:07:14 | 0 | Heizstab aus,, Temp= 60.2°C
2021.05.09 20:07:20 | 0 | Heizstab aus,, Temp= 60.2°C
2021.05.09 20:07:28 | 0 | Heizstab aus,, Temp= 60.2°C
2021.05.09 20:07:34 | 0 | Heizstab aus,, Temp= 60.2°C
2021.05.09 20:07:40 | 0 | Heizstab aus,, Temp= 60.2°C
2021.05.09 20:07:48 | 0 | Heizstab aus,, Temp= 60.2°C
2021.05.09 20:07:54 | 0 | Heizstab aus,, Temp= 60.2°C
2021.05.09 20:08:01 | 0 | Heizstab aus,, Temp= 60.2°C
2021.05.09 20:08:08 | 0 | Heizstab aus,, Temp= 60.2°C
2021.05.09 20:08:14 | 0 | Heizstab aus,, Temp= 60.2°C
2021.05.09 20:08:21 | 0 | Heizstab aus,, Temp= 60.2°C
2021.05.09 20:08:28 | 0 | Heizstab aus,, Temp= 60.2°C
2021.05.09 20:08:34 | 0 | Heizstab aus,, Temp= 60.2°C
2021.05.09 20:08:41 | 0 | Heizstab aus,, Temp= 60.2°C
2021.05.09 20:08:47 | 0 | Heizstab aus,, Temp= 60.2°C
2021.05.09 20:08:53 | 0 | Heizstab aus,, Temp= 60.2°C
2021.05.09 20:09:00 | 0 | Heizstab aus,, Temp= 60.2°C
2021.05.09 20:09:07 | 0 | Heizstab aus,, Temp= 60.2°C
2021.05.09 20:09:13 | 0 | Heizstab aus,, Temp= 60.2°C
2021.05.09 20:09:20 | 0 | Heizstab aus,, Temp= 60.2°C
2021.05.09 20:09:27 | 0 | Heizstab aus,, Temp= 60.2°C
2021.05.09 20:09:33 | 0 | Heizstab aus,, Temp= 60.2°C
2021.05.09 20:09:40 | 0 | Heizstab aus,, Temp= 60.2°C
2021.05.09 20:09:46 | 0 | Heizstab aus,, Temp= 60.2°C
2021.05.09 20:09:52 | 0 | Heizstab aus,, Temp= 60.2°C
2021.05.09 20:09:59 | 0 | Heizstab aus,, Temp= 60.2°C
2021.05.09 20:10:05 | 0 | Heizstab aus,, Temp= 60.2°C
2021.05.09 20:10:12 | 0 | Heizstab aus,, Temp= 60.2°C
2021.05.09 20:10:19 | 0 | Heizstab aus,, Temp= 60.2°C
2021.05.09 20:10:25 | 0 | Heizstab aus,, Temp= 60.2°C
2021.05.09 20:10:33 | 0 | Heizstab aus,, Temp= 60.2°C
2021.05.09 20:10:39 | 0 | Heizstab aus,, Temp= 60.2°C
2021.05.09 20:10:45 | 0 | Heizstab aus,, Temp= 60.2°C
2021.05.09 20:10:52 | 0 | Heizstab aus,, Temp= 60.2°C
2021.05.09 20:10:58 | 0 | Heizstab aus,, Temp= 60.2°C
2021.05.09 20:11:05 | 0 | Heizstab aus,, Temp= 60.2°C
2021.05.09 20:11:11 | 0 | Heizstab aus,, Temp= 60.2°C
2021.05.09 20:11:17 | 0 | Heizstab aus,, Temp= 60.2°C
2021.05.09 20:11:24 | 0 | Heizstab aus,, Temp= 60.2°C
2021.05.09 20:11:30 | 0 | Heizstab aus,, Temp= 60.2°C
2021.05.09 20:11:37 | 0 | Heizstab aus,, Temp= 60.2°C
2021.05.09 20:11:44 | 0 | Heizstab aus,, Temp= 60.0°C
2021.05.09 20:11:50 | 0 | Heizstab aus,, Temp= 60.2°C
2021.05.09 20:11:58 | 0 | Heizstab aus,, Temp= 60.2°C
2021.05.09 20:12:04 | 0 | Heizstab aus,, Temp= 60.2°C
2021.05.09 20:12:10 | 0 | Heizstab aus,, Temp= 60.2°C
2021.05.09 20:12:18 | 0 | Heizstab aus,, Temp= 60.0°C
2021.05.09 20:12:24 | 0 | Heizstab aus,, Temp= 60.0°C
2021.05.09 20:12:30 | 0 | Heizstab aus,, Temp= 60.2°C
2021.05.09 20:12:38 | 0 | Heizstab aus,, Temp= 60.2°C
2021.05.09 20:12:44 | 0 | Heizstab aus,, Temp= 60.0°C
2021.05.09 20:12:50 | 0 | Heizstab aus,, Temp= 60.2°C
2021.05.09 20:12:58 | 0 | Heizstab aus,, Temp= 60.0°C
2021.05.09 20:13:04 | 0 | Heizstab aus,, Temp= 60.0°C
2021.05.09 20:13:11 | 0 | Heizstab aus,, Temp= 60.0°C
2021.05.09 20:13:17 | 0 | Heizstab aus,, Temp= 60.0°C
2021.05.09 20:13:23 | 0 | Heizstab aus,, Temp= 60.0°C
2021.05.09 20:13:30 | 0 | Heizstab aus,, Temp= 60.0°C
2021.05.09 20:13:37 | 0 | Heizstab aus,, Temp= 60.0°C
2021.05.09 20:13:43 | 0 | Heizstab aus,, Temp= 60.0°C
2021.05.09 20:13:50 | 0 | Heizstab aus,, Temp= 60.0°C
2021.05.09 20:13:56 | 0 | Heizstab aus,, Temp= 60.0°C
2021.05.09 20:14:02 | 0 | Heizstab aus,, Temp= 60.0°C
2021.05.09 20:14:09 | 0 | Heizstab aus,, Temp= 60.0°C
2021.05.09 20:14:18 | 0 | Heizstab aus,, Temp= 60.0°C
2021.05.09 20:14:24 | 0 | Heizstab aus,, Temp= 60.0°C
2021.05.09 20:14:30 | 0 | Heizstab aus,, Temp= 60.0°C
2021.05.09 20:14:38 | 0 | Heizstab aus,, Temp= 60.0°C
2021.05.09 20:14:44 | 0 | Heizstab aus,, Temp= 60.0°C
2021.05.09 20:14:51 | 0 | Heizstab aus,, Temp= 60.0°C
2021.05.09 20:14:57 | 0 | Heizstab aus,, Temp= 60.0°C
2021.05.09 20:15:03 | 0 | Heizstab aus,, Temp= 60.0°C
2021.05.09 20:15:10 | 0 | Heizstab aus,, Temp= 60.0°C
2021.05.09 20:15:16 | 0 | Heizstab aus,, Temp= 60.0°C
2021.05.09 20:15:22 | 0 | Heizstab aus,, Temp= 60.0°C
2021.05.09 20:15:29 | 0 | Heizstab aus,, Temp= 60.0°C
2021.05.09 20:15:36 | 0 | Heizstab aus,, Temp= 60.0°C
2021.05.09 20:15:42 | 0 | Heizstab aus,, Temp= 60.0°C
2021.05.09 20:15:49 | 0 | Heizstab aus,, Temp= 60.0°C
2021.05.09 20:15:55 | 0 | Heizstab aus,, Temp= 60.0°C
2021.05.09 20:16:02 | 0 | Heizstab aus,, Temp= 60.0°C
2021.05.09 20:16:08 | 0 | Heizstab aus,, Temp= 60.0°C
2021.05.09 20:16:15 | 0 | Heizstab aus,, Temp= 60.0°C
2021.05.09 20:16:21 | 0 | Heizstab aus,, Temp= 60.0°C
2021.05.09 20:16:27 | 0 | Heizstab aus,, Temp= 60.0°C
2021.05.09 20:16:34 | 0 | Heizstab aus,, Temp= 60.0°C
2021.05.09 20:16:40 | 0 | Heizstab aus,, Temp= 60.0°C
2021.05.09 20:16:48 | 0 | Heizstab aus,, Temp= 60.0°C
2021.05.09 20:16:54 | 0 | Heizstab aus,, Temp= 60.0°C
2021.05.09 20:17:02 | 0 | Heizstab aus,, Temp= 60.0°C
2021.05.09 20:17:09 | 0 | Heizstab aus,, Temp= 60.0°C
2021.05.09 20:17:15 | 0 | Heizstab aus,, Temp= 60.0°C
2021.05.09 20:17:22 | 0 | Heizstab aus,, Temp= 60.0°C
2021.05.09 20:17:29 | 0 | Heizstab aus,, Temp= 60.0°C
2021.05.09 20:17:35 | 0 | Heizstab aus,, Temp= 60.0°C
2021.05.09 20:17:43 | 0 | Heizstab aus,, Temp= 60.0°C
2021.05.09 20:17:49 | 0 | Heizstab aus,, Temp= 60.0°C
2021.05.09 20:17:55 | 0 | Heizstab aus,, Temp= 60.0°C
2021.05.09 20:18:03 | 0 | Heizstab aus,, Temp= 60.0°C
2021.05.09 20:18:09 | 0 | Heizstab aus,, Temp= 60.0°C
2021.05.09 20:18:16 | 0 | Heizstab aus,, Temp= 60.0°C
2021.05.09 20:18:22 | 0 | Heizstab aus,, Temp= 60.0°C
2021.05.09 20:18:29 | 0 | Heizstab aus,, Temp= 60.0°C
2021.05.09 20:18:35 | 0 | Heizstab aus,, Temp= 60.0°C
2021.05.09 20:18:42 | 0 | Heizstab aus,, Temp= 60.0°C
2021.05.09 20:18:49 | 0 | Heizstab aus,, Temp= 60.0°C
2021.05.09 20:18:56 | 0 | Heizstab aus,, Temp= 60.0°C
2021.05.09 20:19:05 | 0 | Heizstab aus,, Temp= 60.0°C
2021.05.09 20:19:11 | 0 | Heizstab aus,, Temp= 60.0°C
2021.05.09 20:19:17 | 0 | Heizstab aus,, Temp= 60.0°C
2021.05.09 20:19:24 | 0 | Heizstab aus,, Temp= 60.0°C
2021.05.09 20:19:30 | 0 | Heizstab aus,, Temp= 60.0°C
2021.05.09 20:19:37 | 0 | Heizstab aus,, Temp= 60.0°C
2021.05.09 20:19:44 | 0 | Heizstab aus,, Temp= 60.0°C
2021.05.09 20:19:50 | 0 | Heizstab aus,, Temp= 60.0°C
2021.05.09 20:19:59 | 0 | Heizstab aus,, Temp= 60.0°C
2021.05.09 20:20:06 | 0 | Heizstab aus,, Temp= 60.0°C
2021.05.09 20:20:12 | 0 | Heizstab aus,, Temp= 60.0°C
2021.05.09 20:20:23 | 0 | Heizstab aus,, Temp= 60.0°C
2021.05.09 20:20:29 | 0 | Heizstab aus,, Temp= 60.0°C
2021.05.09 20:20:36 | 0 | Heizstab aus,, Temp= 60.0°C
2021.05.09 20:20:43 | 0 | Heizstab aus,, Temp= 60.0°C
2021.05.09 20:20:49 | 0 | Heizstab aus,, Temp= 60.0°C
2021.05.09 20:20:57 | 0 | Heizstab aus,, Temp= 60.0°C
2021.05.09 20:21:04 | 0 | Heizstab aus,, Temp= 60.0°C
2021.05.09 20:21:10 | 0 | Heizstab aus,, Temp= 60.0°C
2021.05.09 20:21:17 | 0 | Heizstab aus,, Temp= 60.0°C
2021.05.09 20:21:24 | 0 | Heizstab aus,, Temp= 60.0°C
2021.05.09 20:21:30 | 0 | Heizstab aus,, Temp= 60.0°C
2021.05.09 20:21:38 | 0 | Heizstab aus,, Temp= 60.0°C
2021.05.09 20:21:44 | 0 | Heizstab aus,, Temp= 60.0°C
2021.05.09 20:21:51 | 0 | Heizstab aus,, Temp= 60.0°C
2021.05.09 20:21:58 | 0 | Heizstab aus,, Temp= 60.0°C
2021.05.09 20:22:06 | 0 | Heizstab aus,, Temp= 60.0°C
2021.05.09 20:22:12 | 0 | Heizstab aus,, Temp= 60.0°C
2021.05.09 20:22:19 | 0 | Heizstab aus,, Temp= 60.0°C
2021.05.09 20:22:25 | 0 | Heizstab aus,, Temp= 60.0°C
2021.05.09 20:22:33 | 0 | Heizstab aus,, Temp= 60.0°C
2021.05.09 20:22:39 | 0 | Heizstab aus,, Temp= 60.0°C
2021.05.09 20:22:45 | 0 | Heizstab aus,, Temp= 60.0°C
2021.05.09 20:22:54 | 0 | Heizstab aus,, Temp= 60.0°C
2021.05.09 20:23:01 | 0 | Heizstab aus,, Temp= 60.0°C
2021.05.09 20:23:08 | 0 | Heizstab aus,, Temp= 60.0°C
2021.05.09 20:23:14 | 0 | Heizstab aus,, Temp= 60.0°C
2021.05.09 20:23:21 | 0 | Heizstab aus,, Temp= 60.0°C
2021.05.09 20:23:27 | 0 | Heizstab aus,, Temp= 60.0°C
2021.05.09 20:23:33 | 0 | Heizstab aus,, Temp= 60.0°C
2021.05.09 20:23:41 | 0 | Heizstab aus,, Temp= 60.0°C
2021.05.09 20:23:48 | 0 | Heizstab aus,, Temp= 60.0°C
2021.05.09 20:23:54 | 0 | Heizstab aus,, Temp= 60.0°C
2021.05.09 20:24:00 | 0 | Heizstab aus,, Temp= 60.0°C
2021.05.09 20:24:08 | 0 | Heizstab aus,, Temp= 60.0°C
2021.05.09 20:24:14 | 0 | Heizstab aus,, Temp= 60.0°C
2021.05.09 20:24:21 | 0 | Heizstab aus,, Temp= 60.0°C
2021.05.09 20:24:28 | 0 | Heizstab aus,, Temp= 60.0°C
2021.05.09 20:24:34 | 0 | Heizstab aus,, Temp= 60.0°C
2021.05.09 20:24:41 | 0 | Heizstab aus,, Temp= 60.0°C
2021.05.09 20:24:48 | 0 | Heizstab aus,, Temp= 60.0°C
2021.05.09 20:24:54 | 0 | Heizstab aus,, Temp= 60.0°C
2021.05.09 20:25:00 | 0 | Heizstab aus,, Temp= 60.0°C
2021.05.09 20:25:08 | 0 | Heizstab aus,, Temp= 60.0°C
2021.05.09 20:25:18 | 0 | Heizstab aus,, Temp= 60.0°C
2021.05.09 20:25:24 | 0 | Heizstab aus,, Temp= 60.0°C
2021.05.09 20:25:30 | 0 | Heizstab aus,, Temp= 60.0°C
2021.05.09 20:25:38 | 0 | Heizstab aus,, Temp= 60.0°C
2021.05.09 20:25:44 | 0 | Heizstab aus,, Temp= 60.0°C
2021.05.09 20:25:50 | 0 | Heizstab aus,, Temp= 60.0°C
2021.05.09 20:25:58 | 0 | Heizstab aus,, Temp= 60.0°C
2021.05.09 20:26:04 | 0 | Heizstab aus,, Temp= 60.0°C
2021.05.09 20:26:11 | 0 | Heizstab aus,, Temp= 60.0°C
2021.05.09 20:26:18 | 0 | Heizstab aus,, Temp= 60.0°C
2021.05.09 20:26:24 | 0 | Heizstab aus,, Temp= 60.0°C
2021.05.09 20:26:33 | 0 | Heizstab aus,, Temp= 60.0°C
2021.05.09 20:26:39 | 0 | Heizstab aus,, Temp= 59.8°C
2021.05.09 20:26:46 | 0 | Heizstab aus,, Temp= 59.8°C
2021.05.09 20:26:52 | 0 | Heizstab aus,, Temp= 59.8°C
2021.05.09 20:26:58 | 0 | Heizstab aus,, Temp= 59.8°C
2021.05.09 20:27:05 | 0 | Heizstab aus,, Temp= 60.0°C
2021.05.09 20:27:12 | 0 | Heizstab aus,, Temp= 59.8°C
2021.05.09 20:27:18 | 0 | Heizstab aus,, Temp= 59.8°C
2021.05.09 20:27:25 | 0 | Heizstab aus,, Temp= 59.8°C
2021.05.09 20:27:32 | 0 | Heizstab aus,, Temp= 59.8°C
2021.05.09 20:27:38 | 0 | Heizstab aus,, Temp= 59.8°C
2021.05.09 20:27:45 | 0 | Heizstab aus,, Temp= 59.8°C
2021.05.09 20:27:52 | 0 | Heizstab aus,, Temp= 59.8°C
2021.05.09 20:27:58 | 0 | Heizstab aus,, Temp= 59.8°C
2021.05.09 20:28:05 | 0 | Heizstab aus,, Temp= 59.8°C
2021.05.09 20:28:13 | 0 | Heizstab aus,, Temp= 59.8°C
2021.05.09 20:28:20 | 0 | Heizstab aus,, Temp= 59.8°C
2021.05.09 20:28:26 | 0 | Heizstab aus,, Temp= 59.8°C
2021.05.09 20:28:32 | 0 | Heizstab aus,, Temp= 59.8°C
2021.05.09 20:28:39 | 0 | Heizstab aus,, Temp= 59.8°C
2021.05.09 20:28:45 | 0 | Heizstab aus,, Temp= 59.8°C
2021.05.09 20:28:53 | 0 | Heizstab aus,, Temp= 59.8°C
2021.05.09 20:29:00 | 0 | Heizstab aus,, Temp= 59.8°C
2021.05.09 20:29:06 | 0 | Heizstab aus,, Temp= 59.8°C
2021.05.09 20:29:12 | 0 | Heizstab aus,, Temp= 59.8°C
2021.05.09 20:29:19 | 0 | Heizstab aus,, Temp= 59.8°C
2021.05.09 20:29:25 | 0 | Heizstab aus,, Temp= 59.8°C
2021.05.09 20:29:32 | 0 | Heizstab aus,, Temp= 59.8°C
2021.05.09 20:29:38 | 0 | Heizstab aus,, Temp= 59.8°C
2021.05.09 20:29:45 | 0 | Heizstab aus,, Temp= 59.8°C
2021.05.09 20:29:52 | 0 | Heizstab aus,, Temp= 59.8°C
2021.05.09 20:29:58 | 0 | Heizstab aus,, Temp= 59.8°C
2021.05.09 20:30:09 | 0 | Heizstab aus,, Temp= 59.8°C
2021.05.09 20:30:15 | 0 | Heizstab aus,, Temp= 59.8°C
2021.05.09 20:30:23 | 0 | Heizstab aus,, Temp= 59.8°C
2021.05.09 20:30:29 | 0 | Heizstab aus,, Temp= 59.8°C
2021.05.09 20:30:36 | 0 | Heizstab aus,, Temp= 59.8°C
2021.05.09 20:30:42 | 0 | Heizstab aus,, Temp= 59.8°C
2021.05.09 20:30:49 | 0 | Heizstab aus,, Temp= 59.8°C
2021.05.09 20:30:55 | 0 | Heizstab aus,, Temp= 59.8°C
2021.05.09 20:31:05 | 0 | Heizstab aus,, Temp= 59.8°C
2021.05.09 20:31:11 | 0 | Heizstab aus,, Temp= 59.8°C
2021.05.09 20:31:17 | 0 | Heizstab aus,, Temp= 59.8°C
2021.05.09 20:31:24 | 0 | Heizstab aus,, Temp= 59.8°C
2021.05.09 20:31:30 | 0 | Heizstab aus,, Temp= 59.8°C
2021.05.09 20:31:38 | 0 | Heizstab aus,, Temp= 59.8°C
2021.05.09 20:31:44 | 0 | Heizstab aus,, Temp= 59.8°C
2021.05.09 20:31:50 | 0 | Heizstab aus,, Temp= 59.8°C
2021.05.09 20:31:58 | 0 | Heizstab aus,, Temp= 59.8°C
2021.05.09 20:32:04 | 0 | Heizstab aus,, Temp= 59.8°C
2021.05.09 20:32:11 | 0 | Heizstab aus,, Temp= 59.8°C
2021.05.09 20:32:19 | 0 | Heizstab aus,, Temp= 59.8°C
2021.05.09 20:32:25 | 0 | Heizstab aus,, Temp= 59.8°C
2021.05.09 20:32:32 | 0 | Heizstab aus,, Temp= 59.8°C
2021.05.09 20:32:39 | 0 | Heizstab aus,, Temp= 59.8°C
2021.05.09 20:32:45 | 0 | Heizstab aus,, Temp= 59.8°C
2021.05.09 20:32:53 | 0 | Heizstab aus,, Temp= 59.8°C
2021.05.09 20:32:59 | 0 | Heizstab aus,, Temp= 59.8°C
2021.05.09 20:33:05 | 0 | Heizstab aus,, Temp= 59.8°C
2021.05.09 20:33:15 | 0 | Heizstab aus,, Temp= 59.8°C
2021.05.09 20:33:22 | 0 | Heizstab aus,, Temp= 59.8°C
2021.05.09 20:33:28 | 0 | Heizstab aus,, Temp= 59.8°C
2021.05.09 20:33:35 | 0 | Heizstab aus,, Temp= 59.8°C
2021.05.09 20:33:41 | 0 | Heizstab aus,, Temp= 59.8°C
2021.05.09 20:33:47 | 0 | Heizstab aus,, Temp= 59.8°C
2021.05.09 20:33:54 | 0 | Heizstab aus,, Temp= 59.8°C
2021.05.09 20:34:00 | 0 | Heizstab aus,, Temp= 59.8°C
2021.05.09 20:34:07 | 0 | Heizstab aus,, Temp= 59.8°C
2021.05.09 20:34:14 | 0 | Heizstab aus,, Temp= 59.8°C
2021.05.09 20:34:20 | 0 | Heizstab aus,, Temp= 59.8°C
2021.05.09 20:34:28 | 0 | Heizstab aus,, Temp= 59.8°C
2021.05.09 20:34:34 | 0 | Heizstab aus,, Temp= 59.8°C
2021.05.09 20:34:40 | 0 | Heizstab aus,, Temp= 59.8°C
2021.05.09 20:34:48 | 0 | Heizstab(1KW) ein, Temp= 59.8°C
2021.05.09 21:09:01 | 0 | Starte Programm maximal_laden()
2021.05.09 22:59:37 | 0 | Starte Programm maximal_laden()
2021.05.09 22:59:38 | 0 | Heizstab(1KW) ein, Temp= 64.8°C
2021.05.09 23:00:50 | 0 | Starte Programm maximal_laden()
