2021.05.08 08:44:10 | 0 | Starte Programm maximal_laden()
2021.05.08 08:47:41 | 0 | WW_PumpenPower ein,  Temp= 66.8°C
2021.05.08 08:54:12 | 0 | WW_PumpenPower aus, Temp= 65.5°C
2021.05.08 09:01:06 | 0 | WW_PumpenPower ein,  Temp= 66.8°C
2021.05.08 09:08:10 | 0 | WW_PumpenPower aus, Temp= 65.5°C
2021.05.08 09:15:02 | 0 | WW_PumpenPower ein,  Temp= 66.8°C
2021.05.08 09:22:06 | 0 | WW_PumpenPower aus, Temp= 65.5°C
2021.05.08 09:28:54 | 0 | WW_PumpenPower ein,  Temp= 66.8°C
2021.05.08 09:36:15 | 0 | WW_PumpenPower aus, Temp= 65.5°C
2021.05.08 09:43:13 | 0 | WW_PumpenPower ein,  Temp= 66.8°C
2021.05.08 09:50:01 | 0 | WW_PumpenPower aus, Temp= 65.5°C
2021.05.08 09:57:15 | 0 | WW_PumpenPower ein,  Temp= 66.8°C
2021.05.08 10:03:29 | 0 | WW_PumpenPower aus, Temp= 65.5°C
2021.05.08 10:10:49 | 0 | WW_PumpenPower ein,  Temp= 66.8°C
2021.05.08 10:16:38 | 0 | WW_PumpenPower aus, Temp= 65.5°C
2021.05.08 10:24:15 | 0 | WW_PumpenPower ein,  Temp= 66.8°C
2021.05.08 10:29:29 | 0 | WW_PumpenPower aus, Temp= 65.5°C
2021.05.08 10:31:21 | 0 | Starte Programm maximal_laden()
2021.05.08 10:37:39 | 0 | WW_PumpenPower ein,  Temp= 66.8°C
2021.05.08 10:37:56 | 0 | Heizstab ein, Temp= 67.0°C
2021.05.08 10:40:18 | 0 | Starte Programm maximal_laden()
2021.05.08 10:40:19 | 0 | WW_PumpenPower ein,  Temp= 66.0°C
2021.05.08 10:40:44 | 0 | Starte Programm maximal_laden()
2021.05.08 10:40:44 | 0 | WW_PumpenPower ein,  Temp= 65.8°C
2021.05.08 10:41:12 | 0 | Starte Programm maximal_laden()
2021.05.08 10:41:13 | 0 | Heizstab ein, Temp= 65.5°C
2021.05.08 10:52:26 | 0 | WW_PumpenPower ein,  Temp= 66.8°C
2021.05.08 10:52:36 | 0 | Heizstab ein, Temp= 67.0°C
2021.05.08 10:54:17 | 0 | Starte Programm maximal_laden()
2021.05.08 10:54:17 | 0 | WW_PumpenPower ein,  Temp= 66.5°C
2021.05.08 10:55:47 | 0 | WW_PumpenPower aus, Temp= 65.5°C
2021.05.08 10:55:47 | 0 | Heizstab ein, Temp= 65.5°C
2021.05.08 11:07:15 | 0 | WW_PumpenPower ein,  Temp= 66.8°C
2021.05.08 11:10:19 | 0 | Starte Programm maximal_laden()
2021.05.08 11:10:19 | 0 | WW_PumpenPower ein,  Temp= 66.0°C
2021.05.08 11:11:39 | 0 | WW_PumpenPower aus, Temp= 65.5°C
2021.05.08 11:21:31 | 0 | WW_PumpenPower ein,  Temp= 66.8°C
2021.05.08 11:25:25 | 0 | WW_PumpenPower aus, Temp= 65.5°C
2021.05.08 11:36:47 | 0 | WW_PumpenPower ein,  Temp= 66.8°C
2021.05.08 11:40:30 | 0 | WW_PumpenPower aus, Temp= 65.5°C
2021.05.08 11:48:59 | 0 | WW_PumpenPower ein,  Temp= 66.8°C
2021.05.08 11:59:02 | 0 | WW_PumpenPower aus, Temp= 66.0°C
2021.05.08 12:04:40 | 0 | Heizstab aus, Temp= 67.5°C
2021.05.08 12:08:08 | 0 | WW_PumpenPower ein,  Temp= 67.0°C
2021.05.08 12:12:32 | 0 | WW_PumpenPower aus, Temp= 65.5°C
2021.05.08 12:12:32 | 0 | Heizstab ein, Temp= 65.5°C
2021.05.08 12:21:39 | 0 | WW_PumpenPower ein,  Temp= 66.8°C
2021.05.08 12:32:15 | 0 | Heizstab aus, Temp= 66.0°C
2021.05.08 12:35:42 | 0 | WW_PumpenPower aus, Temp= 65.5°C
2021.05.08 12:35:42 | 0 | Heizstab ein, Temp= 65.5°C
2021.05.08 12:43:15 | 0 | WW_PumpenPower ein,  Temp= 66.8°C
2021.05.08 12:53:51 | 0 | Heizstab aus, Temp= 66.5°C
2021.05.08 12:59:54 | 0 | WW_PumpenPower aus, Temp= 65.5°C
2021.05.08 12:59:54 | 0 | Heizstab ein, Temp= 65.5°C
2021.05.08 13:06:06 | 0 | WW_PumpenPower ein,  Temp= 66.8°C
2021.05.08 13:16:53 | 0 | Heizstab aus, Temp= 67.2°C
2021.05.08 13:27:50 | 0 | WW_PumpenPower aus, Temp= 65.5°C
2021.05.08 13:27:50 | 0 | Heizstab ein, Temp= 65.5°C
2021.05.08 13:33:10 | 0 | WW_PumpenPower ein,  Temp= 66.8°C
2021.05.08 13:39:27 | 0 | WW_PumpenPower aus, Temp= 65.5°C
2021.05.08 13:49:52 | 0 | WW_PumpenPower ein,  Temp= 66.8°C
2021.05.08 13:52:25 | 0 | Starte Programm maximal_laden()
2021.05.08 13:52:26 | 0 | WW_PumpenPower ein,  Temp= 66.2°C
2021.05.08 13:54:05 | 0 | Starte Programm maximal_laden()
2021.05.08 13:54:05 | 0 | WW_PumpenPower ein,  Temp= 65.8°C
2021.05.08 13:54:37 | 0 | WW_PumpenPower aus, Temp= 65.5°C
2021.05.08 13:54:37 | 0 | Heizstab ein, Temp= 65.5°C
2021.05.08 13:54:37 | 0 | Heizstab(2KW) ein, Temp= 65.5°C
2021.05.08 14:03:26 | 0 | Starte Programm maximal_laden()
2021.05.08 14:04:36 | 0 | Starte Programm maximal_laden()
2021.05.08 14:08:51 | 0 | WW_PumpenPower ein,  Temp= 66.8°C
2021.05.08 14:12:54 | 0 | WW_PumpenPower aus, Temp= 65.5°C
2021.05.08 14:23:57 | 0 | WW_PumpenPower ein,  Temp= 66.8°C
2021.05.08 14:27:24 | 0 | WW_PumpenPower aus, Temp= 65.5°C
2021.05.08 14:38:32 | 0 | WW_PumpenPower ein,  Temp= 66.8°C
2021.05.08 14:42:04 | 0 | WW_PumpenPower aus, Temp= 65.2°C
2021.05.08 14:54:33 | 0 | WW_PumpenPower ein,  Temp= 66.8°C
2021.05.08 14:58:26 | 0 | WW_PumpenPower aus, Temp= 65.5°C
2021.05.08 15:08:10 | 0 | WW_PumpenPower ein,  Temp= 67.2°C
2021.05.08 15:08:31 | 0 | Heizstab aus, Temp= 67.5°C
2021.05.08 15:11:54 | 0 | WW_PumpenPower aus, Temp= 65.2°C
2021.05.08 15:11:54 | 0 | Heizstab ein, Temp= 65.2°C
2021.05.08 15:11:54 | 0 | Heizstab(3KW) ein, Temp= 65.2°C
2021.05.08 15:24:44 | 0 | WW_PumpenPower ein,  Temp= 66.8°C
2021.05.08 15:28:48 | 0 | WW_PumpenPower aus, Temp= 65.5°C
2021.05.08 15:39:45 | 0 | WW_PumpenPower ein,  Temp= 66.8°C
2021.05.08 15:44:10 | 0 | WW_PumpenPower aus, Temp= 65.5°C
2021.05.08 15:54:35 | 0 | WW_PumpenPower ein,  Temp= 66.8°C
2021.05.08 15:59:06 | 0 | WW_PumpenPower aus, Temp= 65.5°C
2021.05.08 16:08:37 | 0 | WW_PumpenPower ein,  Temp= 66.8°C
2021.05.08 16:13:02 | 0 | WW_PumpenPower aus, Temp= 65.5°C
2021.05.08 16:22:08 | 0 | WW_PumpenPower ein,  Temp= 66.8°C
2021.05.08 16:26:33 | 0 | WW_PumpenPower aus, Temp= 65.5°C
2021.05.08 16:36:11 | 0 | WW_PumpenPower ein,  Temp= 66.8°C
2021.05.08 16:40:15 | 0 | WW_PumpenPower aus, Temp= 65.5°C
2021.05.08 16:50:56 | 0 | WW_PumpenPower ein,  Temp= 66.8°C
2021.05.08 16:54:44 | 0 | WW_PumpenPower aus, Temp= 65.5°C
2021.05.08 17:06:30 | 0 | WW_PumpenPower ein,  Temp= 66.8°C
2021.05.08 17:08:42 | 0 | Starte Programm maximal_laden()
2021.05.08 17:09:53 | 0 | Heizstab(3KW) ein, Temp= 0.0°C
2021.05.08 17:10:26 | 0 | Starte Programm maximal_laden()
2021.05.08 17:22:37 | 0 | WW_PumpenPower ein,  Temp= 66.8°C
2021.05.08 17:26:20 | 0 | WW_PumpenPower aus, Temp= 65.5°C
2021.05.08 17:37:22 | 0 | WW_PumpenPower ein,  Temp= 66.8°C
2021.05.08 17:41:37 | 0 | WW_PumpenPower aus, Temp= 65.5°C
2021.05.08 17:52:13 | 0 | WW_PumpenPower ein,  Temp= 66.8°C
2021.05.08 17:56:21 | 0 | WW_PumpenPower aus, Temp= 65.5°C
2021.05.08 18:06:00 | 0 | WW_PumpenPower ein,  Temp= 66.8°C
2021.05.08 18:10:25 | 0 | WW_PumpenPower aus, Temp= 65.5°C
2021.05.08 18:19:55 | 0 | WW_PumpenPower ein,  Temp= 66.8°C
2021.05.08 18:24:19 | 0 | WW_PumpenPower aus, Temp= 65.5°C
2021.05.08 18:33:40 | 0 | WW_PumpenPower ein,  Temp= 66.8°C
2021.05.08 18:37:58 | 0 | WW_PumpenPower aus, Temp= 65.5°C
2021.05.08 18:47:36 | 0 | WW_PumpenPower ein,  Temp= 66.8°C
2021.05.08 18:52:06 | 0 | WW_PumpenPower aus, Temp= 65.5°C
2021.05.08 19:02:19 | 0 | WW_PumpenPower ein,  Temp= 66.8°C
2021.05.08 19:06:50 | 0 | WW_PumpenPower aus, Temp= 65.5°C
2021.05.08 19:16:35 | 0 | WW_PumpenPower ein,  Temp= 66.8°C
2021.05.08 19:21:43 | 0 | WW_PumpenPower aus, Temp= 65.5°C
2021.05.08 19:31:16 | 0 | WW_PumpenPower ein,  Temp= 66.8°C
2021.05.08 19:36:40 | 0 | WW_PumpenPower aus, Temp= 65.5°C
2021.05.08 19:44:26 | 0 | WW_PumpenPower ein,  Temp= 66.8°C
2021.05.08 19:51:45 | 0 | WW_PumpenPower aus, Temp= 65.5°C
2021.05.08 19:58:11 | 0 | WW_PumpenPower ein,  Temp= 66.8°C
2021.05.08 20:08:57 | 0 | Heizstab aus, Temp= 65.8°C
2021.05.08 20:11:02 | 0 | WW_PumpenPower aus, Temp= 65.5°C
2021.05.08 20:11:02 | 0 | Heizstab(3KW) ein, Temp= 65.5°C
2021.05.08 20:18:12 | 0 | WW_PumpenPower ein,  Temp= 66.8°C
2021.05.08 20:24:33 | 0 | WW_PumpenPower aus, Temp= 65.5°C
2021.05.08 20:34:40 | 0 | WW_PumpenPower ein,  Temp= 66.8°C
2021.05.08 20:38:22 | 0 | WW_PumpenPower aus, Temp= 65.5°C
2021.05.08 20:50:11 | 0 | WW_PumpenPower ein,  Temp= 66.8°C
2021.05.08 20:53:46 | 0 | WW_PumpenPower aus, Temp= 65.2°C
2021.05.08 21:06:05 | 0 | WW_PumpenPower ein,  Temp= 66.8°C
2021.05.08 21:10:57 | 0 | WW_PumpenPower aus, Temp= 65.5°C
2021.05.08 21:20:15 | 0 | WW_PumpenPower ein,  Temp= 66.8°C
2021.05.08 21:25:12 | 0 | WW_PumpenPower aus, Temp= 65.5°C
2021.05.08 21:32:29 | 0 | WW_PumpenPower ein,  Temp= 66.8°C
2021.05.08 21:43:05 | 0 | Heizstab aus, Temp= 66.2°C
2021.05.08 21:46:12 | 0 | WW_PumpenPower aus, Temp= 65.5°C
2021.05.08 21:46:12 | 0 | Heizstab(3KW) ein, Temp= 65.5°C
2021.05.08 21:55:25 | 0 | WW_PumpenPower ein,  Temp= 66.8°C
2021.05.08 22:02:55 | 0 | WW_PumpenPower aus, Temp= 65.5°C
2021.05.08 22:09:53 | 0 | WW_PumpenPower ein,  Temp= 66.8°C
2021.05.08 22:15:43 | 0 | WW_PumpenPower aus, Temp= 65.5°C
2021.05.08 22:23:57 | 0 | WW_PumpenPower ein,  Temp= 66.8°C
2021.05.08 22:28:51 | 0 | WW_PumpenPower aus, Temp= 65.5°C
2021.05.08 22:38:03 | 0 | WW_PumpenPower ein,  Temp= 66.8°C
2021.05.08 22:42:44 | 0 | WW_PumpenPower aus, Temp= 65.5°C
2021.05.08 22:52:10 | 0 | WW_PumpenPower ein,  Temp= 66.8°C
2021.05.08 22:57:08 | 0 | WW_PumpenPower aus, Temp= 65.5°C
2021.05.08 23:08:57 | 0 | Heizstab aus, Temp= 67.5°C
